#
# A fatal error has been detected by the Java Runtime Environment:
#
#  EXCEPTION_ACCESS_VIOLATION (0xc0000005) at pc=0x0000000071308f45, pid=11844, tid=11768
#
# JRE version: Java(TM) SE Runtime Environment (8.0_91-b14) (build 1.8.0_91-b14)
# Java VM: Java HotSpot(TM) 64-Bit Server VM (25.91-b14 mixed mode windows-amd64 compressed oops)
# Problematic frame:
# V  [jvm.dll+0x128f45]
#
# Failed to write core dump. Minidumps are not enabled by default on client versions of Windows
#
# If you would like to submit a bug report, please visit:
#   http://bugreport.java.com/bugreport/crash.jsp
#

---------------  T H R E A D  ---------------

Current thread (0x000000001c205800):  JavaThread "JDWP Transport Listener: dt_socket" daemon [_thread_in_vm, id=11768, stack(0x000000001ddb0000,0x000000001deb0000)]

siginfo: ExceptionCode=0xc0000005, reading address 0xffffffffffffffff

Registers:
RAX=0x000000001deaf401, RBX=0x000000001c205800, RCX=0x7373003b72003b6c, RDX=0x0000000000000000
RSP=0x000000001deaf450, RBP=0x7373003b72003b6c, RSI=0x000000001deaf568, RDI=0x000000000370bf80
R8 =0x000000001c205800, R9 =0x0000000000008000, R10=0x000000001f90ba40, R11=0x000000001deaf6fb
R12=0x0000000000000000, R13=0x000000001c1fa948, R14=0x0000000000000000, R15=0x0000000000000000
RIP=0x0000000071308f45, EFLAGS=0x0000000000010206

Top of Stack: (sp=0x000000001deaf450)
0x000000001deaf450:   000000001c205800 000000001c205800
0x000000001deaf460:   000000001deaf518 000000007150f32b
0x000000001deaf470:   000000001c205800 000000007152bb8d
0x000000001deaf480:   0000000000000000 00000000727e9155
0x000000001deaf490:   000000001e1e4240 00000000727f291e
0x000000001deaf4a0:   000000001c205800 0000000000000000
0x000000001deaf4b0:   0000000000000000 0000000000000000
0x000000001deaf4c0:   7373003b72003b6c 00000000727f1a15
0x000000001deaf4d0:   000000001deaf568 000000001deaf540
0x000000001deaf4e0:   0000000000000001 000000001e1e4240
0x000000001deaf4f0:   7373003b72003b6c 00000000727d53b3
0x000000001deaf500:   000000001deaf630 0000000000000001
0x000000001deaf510:   0000000000000001 000000001e1e4240
0x000000001deaf520:   000000000000000a 0000000000000000
0x000000001deaf530:   0000000000000000 0000000000000000
0x000000001deaf540:   0000000000000001 00000000727d5571 

Instructions: (pc=0x0000000071308f45)
0x0000000071308f25:   cc cc cc cc cc cc cc cc cc cc cc 48 83 ec 28 48
0x0000000071308f35:   85 c9 75 07 33 c0 48 83 c4 28 c3 48 89 5c 24 20
0x0000000071308f45:   48 8b 19 48 85 db 74 20 48 83 fb 37 74 1a 48 8b
0x0000000071308f55:   13 48 8b cb ff 52 10 84 c0 74 0d 48 8b c3 48 8b 


Register to memory mapping:

RAX=0x000000001deaf401 is pointing into the stack for thread: 0x000000001c205800
RBX=0x000000001c205800 is a thread
RCX=0x7373003b72003b6c is an unknown value
RDX=0x0000000000000000 is an unknown value
RSP=0x000000001deaf450 is pointing into the stack for thread: 0x000000001c205800
RBP=0x7373003b72003b6c is an unknown value
RSI=0x000000001deaf568 is pointing into the stack for thread: 0x000000001c205800
RDI=0x000000000370bf80 is an unknown value
R8 =0x000000001c205800 is a thread
R9 =0x0000000000008000 is an unknown value
R10=0x000000001f90ba40 is an unknown value
R11=0x000000001deaf6fb is pointing into the stack for thread: 0x000000001c205800
R12=0x0000000000000000 is an unknown value
R13=0x000000001c1fa948 is an unknown value
R14=0x0000000000000000 is an unknown value
R15=0x0000000000000000 is an unknown value


Stack: [0x000000001ddb0000,0x000000001deb0000],  sp=0x000000001deaf450,  free space=1021k
Native frames: (J=compiled Java code, j=interpreted, Vv=VM code, C=native code)
V  [jvm.dll+0x128f45]
V  [jvm.dll+0x34bb8d]
C  [jdwp.dll+0x21a15]
C  [jdwp.dll+0x53b3]
C  [jdwp.dll+0x5571]
C  [jdwp.dll+0xf0a8]
C  [jdwp.dll+0x1f2d5]
C  [jdwp.dll+0x1f4aa]
V  [jvm.dll+0x1bbf38]
V  [jvm.dll+0x243ae4]
V  [jvm.dll+0x29a99a]
C  [msvcr100.dll+0x21d9f]
C  [msvcr100.dll+0x21e3b]
C  [KERNEL32.DLL+0x11fe4]
C  [ntdll.dll+0x6f061]


---------------  P R O C E S S  ---------------

Java Threads: ( => current thread )
  0x000000001e455000 JavaThread "DestroyJavaVM" [_thread_blocked, id=22312, stack(0x0000000004ed0000,0x0000000004fd0000)]
  0x000000001e456800 JavaThread "http-nio-8080-AsyncTimeout" daemon [_thread_blocked, id=3252, stack(0x0000000026f90000,0x0000000027090000)]
  0x000000001e454000 JavaThread "http-nio-8080-Acceptor-0" daemon [_thread_in_native, id=21860, stack(0x0000000026e90000,0x0000000026f90000)]
  0x000000001e459800 JavaThread "http-nio-8080-ClientPoller-1" daemon [_thread_in_native, id=15780, stack(0x0000000026d90000,0x0000000026e90000)]
  0x000000001e453800 JavaThread "http-nio-8080-ClientPoller-0" daemon [_thread_in_native, id=1752, stack(0x0000000026ae0000,0x0000000026be0000)]
  0x000000001e455800 JavaThread "http-nio-8080-exec-10" daemon [_thread_blocked, id=26296, stack(0x00000000269e0000,0x0000000026ae0000)]
  0x000000001e459000 JavaThread "http-nio-8080-exec-9" daemon [_thread_blocked, id=24900, stack(0x00000000268e0000,0x00000000269e0000)]
  0x000000001e457800 JavaThread "http-nio-8080-exec-8" daemon [_thread_blocked, id=7784, stack(0x00000000267e0000,0x00000000268e0000)]
  0x000000001e458000 JavaThread "http-nio-8080-exec-7" daemon [_thread_blocked, id=14560, stack(0x00000000266e0000,0x00000000267e0000)]
  0x000000001e452800 JavaThread "http-nio-8080-exec-6" daemon [_thread_blocked, id=10304, stack(0x00000000265e0000,0x00000000266e0000)]
  0x000000001e54d800 JavaThread "http-nio-8080-exec-5" daemon [_thread_blocked, id=10612, stack(0x00000000264e0000,0x00000000265e0000)]
  0x000000001f0f7000 JavaThread "http-nio-8080-exec-4" daemon [_thread_blocked, id=27680, stack(0x00000000263e0000,0x00000000264e0000)]
  0x000000001fde8800 JavaThread "http-nio-8080-exec-3" daemon [_thread_blocked, id=9748, stack(0x00000000262e0000,0x00000000263e0000)]
  0x000000001f108800 JavaThread "http-nio-8080-exec-2" daemon [_thread_blocked, id=13124, stack(0x00000000261e0000,0x00000000262e0000)]
  0x0000000023f73000 JavaThread "http-nio-8080-exec-1" daemon [_thread_blocked, id=23584, stack(0x00000000260e0000,0x00000000261e0000)]
  0x000000001e555800 JavaThread "NioBlockingSelector.BlockPoller-1" daemon [_thread_in_native, id=4044, stack(0x0000000024df0000,0x0000000024ef0000)]
  0x000000002187f000 JavaThread "container-0" [_thread_blocked, id=608, stack(0x0000000024af0000,0x0000000024bf0000)]
  0x000000002187e000 JavaThread "ContainerBackgroundProcessor[StandardEngine[Tomcat]]" daemon [_thread_blocked, id=9828, stack(0x0000000022a20000,0x0000000022b20000)]
  0x000000001e1db000 JavaThread "Service Thread" daemon [_thread_blocked, id=28100, stack(0x000000001e7b0000,0x000000001e8b0000)]
  0x000000001c24c000 JavaThread "C1 CompilerThread2" daemon [_thread_blocked, id=8260, stack(0x000000001e6b0000,0x000000001e7b0000)]
  0x000000001c248000 JavaThread "C2 CompilerThread1" daemon [_thread_blocked, id=25404, stack(0x000000001e5b0000,0x000000001e6b0000)]
  0x000000001c218800 JavaThread "C2 CompilerThread0" daemon [_thread_blocked, id=15396, stack(0x000000001e0b0000,0x000000001e1b0000)]
  0x000000001c20c800 JavaThread "JDWP Command Reader" daemon [_thread_in_native, id=26100, stack(0x000000001dfb0000,0x000000001e0b0000)]
  0x000000001c208000 JavaThread "JDWP Event Helper Thread" daemon [_thread_blocked, id=24360, stack(0x000000001deb0000,0x000000001dfb0000)]
=>0x000000001c205800 JavaThread "JDWP Transport Listener: dt_socket" daemon [_thread_in_vm, id=11768, stack(0x000000001ddb0000,0x000000001deb0000)]
  0x000000001c1f1000 JavaThread "Attach Listener" daemon [_thread_blocked, id=13316, stack(0x000000001d840000,0x000000001d940000)]
  0x000000001c1ef800 JavaThread "Signal Dispatcher" daemon [_thread_blocked, id=21140, stack(0x000000001d740000,0x000000001d840000)]
  0x000000000519d000 JavaThread "Finalizer" daemon [_thread_blocked, id=7440, stack(0x000000001d450000,0x000000001d550000)]
  0x000000001c1b9000 JavaThread "Reference Handler" daemon [_thread_blocked, id=28376, stack(0x000000001d350000,0x000000001d450000)]

Other Threads:
  0x000000001c1b7000 VMThread [stack: 0x000000001d250000,0x000000001d350000] [id=7156]
  0x000000001e20f800 WatcherThread [stack: 0x000000001e8b0000,0x000000001e9b0000] [id=13120]

VM state:not at safepoint (normal execution)

VM Mutex/Monitor currently owned by a thread: None

Heap:
 PSYoungGen      total 133632K, used 9164K [0x0000000780b00000, 0x000000078b480000, 0x00000007c0000000)
  eden space 118272K, 7% used [0x0000000780b00000,0x00000007813f3120,0x0000000787e80000)
  from space 15360K, 0% used [0x0000000788d00000,0x0000000788d00000,0x0000000789c00000)
  to   space 14848K, 0% used [0x0000000787e80000,0x0000000787e80000,0x0000000788d00000)
 ParOldGen       total 123904K, used 17184K [0x0000000702000000, 0x0000000709900000, 0x0000000780b00000)
  object space 123904K, 13% used [0x0000000702000000,0x00000007030c8140,0x0000000709900000)
 Metaspace       used 34843K, capacity 36248K, committed 36648K, reserved 1081344K
  class space    used 4511K, capacity 4805K, committed 4904K, reserved 1048576K

Card table byte_map: [0x0000000014560000,0x0000000014b60000] byte_map_base: 0x0000000010d50000

Marking Bits: (ParMarkBitMap*) 0x00000000719f2f70
 Begin Bits: [0x0000000015360000, 0x00000000182e0000)
 End Bits:   [0x00000000182e0000, 0x000000001b260000)

Polling page: 0x00000000036a0000

CodeCache: size=245760Kb used=11732Kb max_used=13312Kb free=234028Kb
 bounds [0x00000000051a0000, 0x0000000005ee0000, 0x00000000141a0000]
 total_blobs=3477 nmethods=3054 adapters=343
 compilation: enabled

Compilation events (10 events):
Event: 41.937 Thread 0x000000001c24c000 3502       3       java.lang.System$2::blockedOn (6 bytes)
Event: 41.937 Thread 0x000000001c24c000 nmethod 3502 0x00000000052e0910 code [0x00000000052e0a80, 0x00000000052e0e90]
Event: 48.870 Thread 0x000000001c24c000 3503       1       sun.nio.ch.WindowsSelectorImpl::access$1500 (5 bytes)
Event: 48.870 Thread 0x000000001c24c000 nmethod 3503 0x00000000054af550 code [0x00000000054af6a0, 0x00000000054af790]
Event: 48.940 Thread 0x000000001c24c000 3504   !   3       sun.nio.ch.SelectorImpl::processDeregisterQueue (101 bytes)
Event: 48.941 Thread 0x000000001c24c000 nmethod 3504 0x00000000058c6990 code [0x00000000058c6bc0, 0x00000000058c7798]
Event: 48.941 Thread 0x000000001c24c000 3505       1       sun.nio.ch.WindowsSelectorImpl::access$1400 (5 bytes)
Event: 48.941 Thread 0x000000001c24c000 nmethod 3505 0x000000000587edd0 code [0x000000000587ef20, 0x000000000587f010]
Event: 49.940 Thread 0x000000001c24c000 3506       1       sun.nio.ch.WindowsSelectorImpl::access$1200 (5 bytes)
Event: 49.941 Thread 0x000000001c24c000 nmethod 3506 0x00000000058efb10 code [0x00000000058efc60, 0x00000000058efd50]

GC Heap History (10 events):
Event: 2.125 GC heap before
{Heap before GC invocations=4 (full 1):
 PSYoungGen      total 56832K, used 5752K [0x0000000780b00000, 0x0000000787a00000, 0x00000007c0000000)
  eden space 49152K, 0% used [0x0000000780b00000,0x0000000780b00000,0x0000000783b00000)
  from space 7680K, 74% used [0x0000000783b00000,0x000000078409e1b0,0x0000000784280000)
  to   space 7680K, 0% used [0x0000000787280000,0x0000000787280000,0x0000000787a00000)
 ParOldGen       total 130048K, used 2397K [0x0000000702000000, 0x0000000709f00000, 0x0000000780b00000)
  object space 130048K, 1% used [0x0000000702000000,0x00000007022574c0,0x0000000709f00000)
 Metaspace       used 20660K, capacity 21198K, committed 21296K, reserved 1067008K
  class space    used 2655K, capacity 2822K, committed 2864K, reserved 1048576K
Event: 2.170 GC heap after
Heap after GC invocations=4 (full 1):
 PSYoungGen      total 56832K, used 0K [0x0000000780b00000, 0x0000000787a00000, 0x00000007c0000000)
  eden space 49152K, 0% used [0x0000000780b00000,0x0000000780b00000,0x0000000783b00000)
  from space 7680K, 0% used [0x0000000783b00000,0x0000000783b00000,0x0000000784280000)
  to   space 7680K, 0% used [0x0000000787280000,0x0000000787280000,0x0000000787a00000)
 ParOldGen       total 78336K, used 5620K [0x0000000702000000, 0x0000000706c80000, 0x0000000780b00000)
  object space 78336K, 7% used [0x0000000702000000,0x000000070257d130,0x0000000706c80000)
 Metaspace       used 20660K, capacity 21198K, committed 21296K, reserved 1067008K
  class space    used 2655K, capacity 2822K, committed 2864K, reserved 1048576K
}
Event: 3.163 GC heap before
{Heap before GC invocations=5 (full 1):
 PSYoungGen      total 56832K, used 49152K [0x0000000780b00000, 0x0000000787a00000, 0x00000007c0000000)
  eden space 49152K, 100% used [0x0000000780b00000,0x0000000783b00000,0x0000000783b00000)
  from space 7680K, 0% used [0x0000000783b00000,0x0000000783b00000,0x0000000784280000)
  to   space 7680K, 0% used [0x0000000787280000,0x0000000787280000,0x0000000787a00000)
 ParOldGen       total 78336K, used 5620K [0x0000000702000000, 0x0000000706c80000, 0x0000000780b00000)
  object space 78336K, 7% used [0x0000000702000000,0x000000070257d130,0x0000000706c80000)
 Metaspace       used 26308K, capacity 27044K, committed 27184K, reserved 1073152K
  class space    used 3404K, capacity 3589K, committed 3632K, reserved 1048576K
Event: 3.183 GC heap after
Heap after GC invocations=5 (full 1):
 PSYoungGen      total 84992K, used 7665K [0x0000000780b00000, 0x0000000787a00000, 0x00000007c0000000)
  eden space 77312K, 0% used [0x0000000780b00000,0x0000000780b00000,0x0000000785680000)
  from space 7680K, 99% used [0x0000000787280000,0x00000007879fc698,0x0000000787a00000)
  to   space 7680K, 0% used [0x0000000786b00000,0x0000000786b00000,0x0000000787280000)
 ParOldGen       total 78336K, used 7377K [0x0000000702000000, 0x0000000706c80000, 0x0000000780b00000)
  object space 78336K, 9% used [0x0000000702000000,0x00000007027345f0,0x0000000706c80000)
 Metaspace       used 26308K, capacity 27044K, committed 27184K, reserved 1073152K
  class space    used 3404K, capacity 3589K, committed 3632K, reserved 1048576K
}
Event: 4.945 GC heap before
{Heap before GC invocations=6 (full 1):
 PSYoungGen      total 84992K, used 84977K [0x0000000780b00000, 0x0000000787a00000, 0x00000007c0000000)
  eden space 77312K, 100% used [0x0000000780b00000,0x0000000785680000,0x0000000785680000)
  from space 7680K, 99% used [0x0000000787280000,0x00000007879fc698,0x0000000787a00000)
  to   space 7680K, 0% used [0x0000000786b00000,0x0000000786b00000,0x0000000787280000)
 ParOldGen       total 78336K, used 7377K [0x0000000702000000, 0x0000000706c80000, 0x0000000780b00000)
  object space 78336K, 9% used [0x0000000702000000,0x00000007027345f0,0x0000000706c80000)
 Metaspace       used 31322K, capacity 32494K, committed 32816K, reserved 1077248K
  class space    used 4031K, capacity 4284K, committed 4400K, reserved 1048576K
Event: 4.963 GC heap after
Heap after GC invocations=6 (full 1):
 PSYoungGen      total 105984K, used 7672K [0x0000000780b00000, 0x0000000789c00000, 0x00000007c0000000)
  eden space 98304K, 0% used [0x0000000780b00000,0x0000000780b00000,0x0000000786b00000)
  from space 7680K, 99% used [0x0000000786b00000,0x000000078727e0a0,0x0000000787280000)
  to   space 15360K, 0% used [0x0000000788d00000,0x0000000788d00000,0x0000000789c00000)
 ParOldGen       total 78336K, used 13984K [0x0000000702000000, 0x0000000706c80000, 0x0000000780b00000)
  object space 78336K, 17% used [0x0000000702000000,0x0000000702da8330,0x0000000706c80000)
 Metaspace       used 31322K, capacity 32494K, committed 32816K, reserved 1077248K
  class space    used 4031K, capacity 4284K, committed 4400K, reserved 1048576K
}
Event: 11.682 GC heap before
{Heap before GC invocations=7 (full 1):
 PSYoungGen      total 105984K, used 70329K [0x0000000780b00000, 0x0000000789c00000, 0x00000007c0000000)
  eden space 98304K, 63% used [0x0000000780b00000,0x0000000784830758,0x0000000786b00000)
  from space 7680K, 99% used [0x0000000786b00000,0x000000078727e0a0,0x0000000787280000)
  to   space 15360K, 0% used [0x0000000788d00000,0x0000000788d00000,0x0000000789c00000)
 ParOldGen       total 78336K, used 13984K [0x0000000702000000, 0x0000000706c80000, 0x0000000780b00000)
  object space 78336K, 17% used [0x0000000702000000,0x0000000702da8330,0x0000000706c80000)
 Metaspace       used 33995K, capacity 35338K, committed 35496K, reserved 1079296K
  class space    used 4397K, capacity 4674K, committed 4776K, reserved 1048576K
Event: 11.696 GC heap after
Heap after GC invocations=7 (full 1):
 PSYoungGen      total 133632K, used 9944K [0x0000000780b00000, 0x000000078b480000, 0x00000007c0000000)
  eden space 118272K, 0% used [0x0000000780b00000,0x0000000780b00000,0x0000000787e80000)
  from space 15360K, 64% used [0x0000000788d00000,0x00000007896b6118,0x0000000789c00000)
  to   space 14848K, 0% used [0x0000000787e80000,0x0000000787e80000,0x0000000788d00000)
 ParOldGen       total 78336K, used 14056K [0x0000000702000000, 0x0000000706c80000, 0x0000000780b00000)
  object space 78336K, 17% used [0x0000000702000000,0x0000000702dba340,0x0000000706c80000)
 Metaspace       used 33995K, capacity 35338K, committed 35496K, reserved 1079296K
  class space    used 4397K, capacity 4674K, committed 4776K, reserved 1048576K
}
Event: 11.696 GC heap before
{Heap before GC invocations=8 (full 2):
 PSYoungGen      total 133632K, used 9944K [0x0000000780b00000, 0x000000078b480000, 0x00000007c0000000)
  eden space 118272K, 0% used [0x0000000780b00000,0x0000000780b00000,0x0000000787e80000)
  from space 15360K, 64% used [0x0000000788d00000,0x00000007896b6118,0x0000000789c00000)
  to   space 14848K, 0% used [0x0000000787e80000,0x0000000787e80000,0x0000000788d00000)
 ParOldGen       total 78336K, used 14056K [0x0000000702000000, 0x0000000706c80000, 0x0000000780b00000)
  object space 78336K, 17% used [0x0000000702000000,0x0000000702dba340,0x0000000706c80000)
 Metaspace       used 33995K, capacity 35338K, committed 35496K, reserved 1079296K
  class space    used 4397K, capacity 4674K, committed 4776K, reserved 1048576K
Event: 11.761 GC heap after
Heap after GC invocations=8 (full 2):
 PSYoungGen      total 133632K, used 0K [0x0000000780b00000, 0x000000078b480000, 0x00000007c0000000)
  eden space 118272K, 0% used [0x0000000780b00000,0x0000000780b00000,0x0000000787e80000)
  from space 15360K, 0% used [0x0000000788d00000,0x0000000788d00000,0x0000000789c00000)
  to   space 14848K, 0% used [0x0000000787e80000,0x0000000787e80000,0x0000000788d00000)
 ParOldGen       total 123904K, used 17184K [0x0000000702000000, 0x0000000709900000, 0x0000000780b00000)
  object space 123904K, 13% used [0x0000000702000000,0x00000007030c8140,0x0000000709900000)
 Metaspace       used 33995K, capacity 35338K, committed 35496K, reserved 1079296K
  class space    used 4397K, capacity 4674K, committed 4776K, reserved 1048576K
}

Deoptimization events (10 events):
Event: 5.998 Thread 0x00000000050a4000 Uncommon trap: reason=unhandled action=none pc=0x000000000568be34 method=java.net.URLClassLoader.findClass(Ljava/lang/String;)Ljava/lang/Class; @ 44
Event: 5.998 Thread 0x00000000050a4000 Uncommon trap: reason=unhandled action=none pc=0x000000000568be34 method=java.net.URLClassLoader.findClass(Ljava/lang/String;)Ljava/lang/Class; @ 44
Event: 6.001 Thread 0x00000000050a4000 Uncommon trap: reason=unhandled action=none pc=0x000000000568be34 method=java.net.URLClassLoader.findClass(Ljava/lang/String;)Ljava/lang/Class; @ 44
Event: 6.002 Thread 0x00000000050a4000 Uncommon trap: reason=unhandled action=none pc=0x000000000568be34 method=java.net.URLClassLoader.findClass(Ljava/lang/String;)Ljava/lang/Class; @ 44
Event: 6.003 Thread 0x00000000050a4000 Uncommon trap: reason=unhandled action=none pc=0x000000000568be34 method=java.net.URLClassLoader.findClass(Ljava/lang/String;)Ljava/lang/Class; @ 44
Event: 6.004 Thread 0x00000000050a4000 Uncommon trap: reason=unhandled action=none pc=0x000000000568be34 method=java.net.URLClassLoader.findClass(Ljava/lang/String;)Ljava/lang/Class; @ 44
Event: 6.006 Thread 0x00000000050a4000 Uncommon trap: reason=unhandled action=none pc=0x000000000568be34 method=java.net.URLClassLoader.findClass(Ljava/lang/String;)Ljava/lang/Class; @ 44
Event: 6.007 Thread 0x00000000050a4000 Uncommon trap: reason=unhandled action=none pc=0x000000000568be34 method=java.net.URLClassLoader.findClass(Ljava/lang/String;)Ljava/lang/Class; @ 44
Event: 34.557 Thread 0x000000002187e000 Uncommon trap: reason=unhandled action=none pc=0x000000000568be34 method=java.net.URLClassLoader.findClass(Ljava/lang/String;)Ljava/lang/Class; @ 44
Event: 34.558 Thread 0x000000002187e000 Uncommon trap: reason=unhandled action=none pc=0x000000000568be34 method=java.net.URLClassLoader.findClass(Ljava/lang/String;)Ljava/lang/Class; @ 44

Internal exceptions (10 events):
Event: 5.750 Thread 0x00000000050a4000 Exception <a 'java/lang/ClassNotFoundException': org/springframework/web/multipart/support/StandardServletMultipartResolverCustomizer> (0x0000000783e02dc8) thrown at [C:\re\workspace\8-2-build-windows-amd64-cygwin\jdk8u91\6644\hotspot\src\share\vm\classfil
º°!y
Event: 5.750 Thread 0x00000000050a4000 Exception <a 'java/lang/ClassNotFoundException': org/springframework/web/multipart/MultipartResolverCustomizer> (0x0000000783e156e0) thrown at [C:\re\workspace\8-2-build-windows-amd64-cygwin\jdk8u91\6644\hotspot\src\share\vm\classfile\systemDictionary.cpp,V
Event: 5.760 Thread 0x00000000050a4000 Exception <a 'java/lang/ArrayIndexOutOfBoundsException': 6> (0x0000000783e93ec8) thrown at [C:\re\workspace\8-2-build-windows-amd64-cygwin\jdk8u91\6644\hotspot\src\share\vm\interpreter\interpreterRuntime.cpp, line 366]
Event: 5.765 Thread 0x00000000050a4000 Exception <a 'java/lang/ArrayIndexOutOfBoundsException': 63> (0x0000000783f00910) thrown at [C:\re\workspace\8-2-build-windows-amd64-cygwin\jdk8u91\6644\hotspot\src\share\vm\interpreter\interpreterRuntime.cpp, line 366]
Event: 5.766 Thread 0x00000000050a4000 Exception <a 'java/lang/ArrayIndexOutOfBoundsException': 40> (0x0000000783f029b8) thrown at [C:\re\workspace\8-2-build-windows-amd64-cygwin\jdk8u91\6644\hotspot\src\share\vm\interpreter\interpreterRuntime.cpp, line 366]
Event: 5.766 Thread 0x00000000050a4000 Exception <a 'java/lang/ArrayIndexOutOfBoundsException': 97> (0x0000000783f05b18) thrown at [C:\re\workspace\8-2-build-windows-amd64-cygwin\jdk8u91\6644\hotspot\src\share\vm\interpreter\interpreterRuntime.cpp, line 366]
Event: 5.766 Thread 0x00000000050a4000 Exception <a 'java/lang/ArrayIndexOutOfBoundsException': 47> (0x0000000783f09220) thrown at [C:\re\workspace\8-2-build-windows-amd64-cygwin\jdk8u91\6644\hotspot\src\share\vm\interpreter\interpreterRuntime.cpp, line 366]
Event: 5.775 Thread 0x00000000050a4000 Exception <a 'java/lang/ArrayIndexOutOfBoundsException': 57> (0x0000000783fb97d8) thrown at [C:\re\workspace\8-2-build-windows-amd64-cygwin\jdk8u91\6644\hotspot\src\share\vm\interpreter\interpreterRuntime.cpp, line 366]
Event: 5.775 Thread 0x00000000050a4000 Exception <a 'java/lang/ArrayIndexOutOfBoundsException': 50> (0x0000000783fbb9d0) thrown at [C:\re\workspace\8-2-build-windows-amd64-cygwin\jdk8u91\6644\hotspot\src\share\vm\interpreter\interpreterRuntime.cpp, line 366]
Event: 5.817 Thread 0x00000000050a4000 Exception <a 'java/lang/ArrayIndexOutOfBoundsException': 323> (0x0000000784149840) thrown at [C:\re\workspace\8-2-build-windows-amd64-cygwin\jdk8u91\6644\hotspot\src\share\vm\interpreter\interpreterRuntime.cpp, line 366]

Events (10 events):
Event: 49.941 Thread 0x000000001c24c000 flushing nmethod 0x0000000005986c50
Event: 49.941 Thread 0x000000001c24c000 flushing nmethod 0x0000000005988310
Event: 49.941 Thread 0x000000001c24c000 flushing nmethod 0x000000000598bad0
Event: 49.941 Thread 0x000000001c24c000 flushing nmethod 0x000000000599ea90
Event: 49.941 Thread 0x000000001c24c000 flushing nmethod 0x00000000059d2790
Event: 49.941 Thread 0x000000001c24c000 flushing nmethod 0x00000000059d4bd0
Event: 49.941 Thread 0x000000001c24c000 flushing nmethod 0x00000000059e16d0
Event: 49.941 Thread 0x000000001c24c000 flushing nmethod 0x00000000059fc0d0
Event: 57.524 Executing VM operation: RedefineClasses
Event: 57.548 Executing VM operation: RedefineClasses done


Dynamic libraries:
0x00007ff6a5a80000 - 0x00007ff6a5ab7000 	C:\Program Files\Java\jre8\bin\javaw.exe
0x00007ff970f50000 - 0x00007ff971130000 	C:\WINDOWS\SYSTEM32\ntdll.dll
0x00007ff96e760000 - 0x00007ff96e80e000 	C:\WINDOWS\System32\KERNEL32.DLL
0x00007ff96d720000 - 0x00007ff96d986000 	C:\WINDOWS\System32\KERNELBASE.dll
0x00007ff96e420000 - 0x00007ff96e4c1000 	C:\WINDOWS\System32\ADVAPI32.dll
0x00007ff96e9e0000 - 0x00007ff96ea7d000 	C:\WINDOWS\System32\msvcrt.dll
0x00007ff970d90000 - 0x00007ff970deb000 	C:\WINDOWS\System32\sechost.dll
0x00007ff970df0000 - 0x00007ff970f0f000 	C:\WINDOWS\System32\RPCRT4.dll
0x00007ff970bd0000 - 0x00007ff970d5f000 	C:\WINDOWS\System32\USER32.dll
0x00007ff96d990000 - 0x00007ff96d9b0000 	C:\WINDOWS\System32\win32u.dll
0x00007ff9709e0000 - 0x00007ff970a08000 	C:\WINDOWS\System32\GDI32.dll
0x00007ff96d430000 - 0x00007ff96d5c3000 	C:\WINDOWS\System32\gdi32full.dll
0x00007ff96d680000 - 0x00007ff96d71b000 	C:\WINDOWS\System32\msvcp_win.dll
0x00007ff96d9b0000 - 0x00007ff96daa6000 	C:\WINDOWS\System32\ucrtbase.dll
0x00007ff9603e0000 - 0x00007ff960649000 	C:\WINDOWS\WinSxS\amd64_microsoft.windows.common-controls_6595b64144ccf1df_6.0.16299.371_none_15c7d1789365a290\COMCTL32.dll
0x00007ff9706c0000 - 0x00007ff9709c8000 	C:\WINDOWS\System32\combase.dll
0x00007ff96d350000 - 0x00007ff96d3c2000 	C:\WINDOWS\System32\bcryptPrimitives.dll
0x00007ff970d60000 - 0x00007ff970d8d000 	C:\WINDOWS\System32\IMM32.DLL
0x0000000072210000 - 0x00000000722e2000 	C:\Program Files\Java\jre8\bin\msvcr100.dll
0x00000000711e0000 - 0x0000000071a73000 	C:\Program Files\Java\jre8\bin\server\jvm.dll
0x00007ff9709d0000 - 0x00007ff9709d8000 	C:\WINDOWS\System32\PSAPI.DLL
0x00007ff96b1b0000 - 0x00007ff96b1b9000 	C:\WINDOWS\SYSTEM32\WSOCK32.dll
0x00007ff96fec0000 - 0x00007ff96ff2c000 	C:\WINDOWS\System32\WS2_32.dll
0x00007ff96b460000 - 0x00007ff96b483000 	C:\WINDOWS\SYSTEM32\WINMM.dll
0x00007ff960e70000 - 0x00007ff960e7a000 	C:\WINDOWS\SYSTEM32\VERSION.dll
0x00007ff96b430000 - 0x00007ff96b45a000 	C:\WINDOWS\SYSTEM32\WINMMBASE.dll
0x00007ff96dab0000 - 0x00007ff96dafa000 	C:\WINDOWS\System32\cfgmgr32.dll
0x00000000728f0000 - 0x00000000728ff000 	C:\Program Files\Java\jre8\bin\verify.dll
0x00000000728c0000 - 0x00000000728e9000 	C:\Program Files\Java\jre8\bin\java.dll
0x00000000727d0000 - 0x0000000072805000 	C:\Program Files\Java\jre8\bin\jdwp.dll
0x00000000729e0000 - 0x00000000729e8000 	C:\Program Files\Java\jre8\bin\npt.dll
0x00000000728a0000 - 0x00000000728b6000 	C:\Program Files\Java\jre8\bin\zip.dll
0x00007ff96ea80000 - 0x00007ff96feb6000 	C:\WINDOWS\System32\SHELL32.dll
0x00007ff96e5e0000 - 0x00007ff96e686000 	C:\WINDOWS\System32\shcore.dll
0x00007ff96dcd0000 - 0x00007ff96e417000 	C:\WINDOWS\System32\windows.storage.dll
0x00007ff96e810000 - 0x00007ff96e861000 	C:\WINDOWS\System32\shlwapi.dll
0x00007ff96d2e0000 - 0x00007ff96d2f1000 	C:\WINDOWS\System32\kernel.appcore.dll
0x00007ff96d300000 - 0x00007ff96d34c000 	C:\WINDOWS\System32\powrprof.dll
0x00007ff96d2a0000 - 0x00007ff96d2bb000 	C:\WINDOWS\System32\profapi.dll
0x00000000727c0000 - 0x00000000727c9000 	C:\Program Files\Java\jre8\bin\dt_socket.dll
0x00007ff960060000 - 0x00007ff960076000 	C:\WINDOWS\system32\napinsp.dll
0x00007ff960020000 - 0x00007ff96003a000 	C:\WINDOWS\system32\pnrpnsp.dll
0x00007ff96aa50000 - 0x00007ff96aa68000 	C:\WINDOWS\system32\NLAapi.dll
0x00007ff96cad0000 - 0x00007ff96cb36000 	C:\WINDOWS\System32\mswsock.dll
0x00007ff96c8a0000 - 0x00007ff96c956000 	C:\WINDOWS\SYSTEM32\DNSAPI.dll
0x00007ff970f10000 - 0x00007ff970f18000 	C:\WINDOWS\System32\NSI.dll
0x00007ff96c860000 - 0x00007ff96c899000 	C:\WINDOWS\SYSTEM32\IPHLPAPI.DLL
0x00007ff960010000 - 0x00007ff96001e000 	C:\WINDOWS\System32\winrnr.dll
0x00007ff95fff0000 - 0x00007ff960005000 	C:\WINDOWS\System32\wshbth.dll
0x0000000072bb0000 - 0x0000000072be5000 	C:\Program Files\Bonjour\mdnsNSP.dll
0x00007ff964740000 - 0x00007ff9647b0000 	C:\WINDOWS\System32\fwpuclnt.dll
0x00007ff96cda0000 - 0x00007ff96cdc5000 	C:\WINDOWS\SYSTEM32\bcrypt.dll
0x00007ff95f8d0000 - 0x00007ff95f8da000 	C:\Windows\System32\rasadhlp.dll
0x00000000727b0000 - 0x00000000727bd000 	C:\Program Files\Java\jre8\bin\management.dll
0x0000000072880000 - 0x000000007289a000 	C:\Program Files\Java\jre8\bin\net.dll
0x0000000072860000 - 0x0000000072871000 	C:\Program Files\Java\jre8\bin\nio.dll
0x00007ff96cc90000 - 0x00007ff96cca7000 	C:\WINDOWS\SYSTEM32\CRYPTSP.dll
0x00007ff96c6d0000 - 0x00007ff96c703000 	C:\WINDOWS\system32\rsaenh.dll
0x00007ff96d1d0000 - 0x00007ff96d1f9000 	C:\WINDOWS\SYSTEM32\USERENV.dll
0x00007ff96ccb0000 - 0x00007ff96ccbb000 	C:\WINDOWS\SYSTEM32\CRYPTBASE.dll
0x00007ff9654c0000 - 0x00007ff9654d6000 	C:\WINDOWS\SYSTEM32\dhcpcsvc6.DLL
0x00007ff9654a0000 - 0x00007ff9654ba000 	C:\WINDOWS\SYSTEM32\dhcpcsvc.DLL
0x00007ff960bb0000 - 0x00007ff960d78000 	C:\WINDOWS\SYSTEM32\dbghelp.dll

VM Arguments:
jvm_args: -agentlib:jdwp=transport=dt_socket,suspend=y,address=localhost:56333 -Dfile.encoding=UTF-8 
java_command: com.assignment.image.MagicImages.MagicImagesApplication
java_class_path (initial): C:\springBootAngularWorkShop\MagicImages\target\classes;C:\Users\henry\.m2\repository\org\springframework\boot\spring-boot-starter-cache\2.0.1.RELEASE\spring-boot-starter-cache-2.0.1.RELEASE.jar;C:\Users\henry\.m2\repository\org\springframework\boot\spring-boot-starter\2.0.1.RELEASE\spring-boot-starter-2.0.1.RELEASE.jar;C:\Users\henry\.m2\repository\org\springframework\boot\spring-boot\2.0.1.RELEASE\spring-boot-2.0.1.RELEASE.jar;C:\Users\henry\.m2\repository\org\springframework\boot\spring-boot-autoconfigure\2.0.1.RELEASE\spring-boot-autoconfigure-2.0.1.RELEASE.jar;C:\Users\henry\.m2\repository\org\springframework\boot\spring-boot-starter-logging\2.0.1.RELEASE\spring-boot-starter-logging-2.0.1.RELEASE.jar;C:\Users\henry\.m2\repository\ch\qos\logback\logback-classic\1.2.3\logback-classic-1.2.3.jar;C:\Users\henry\.m2\repository\ch\qos\logback\logback-core\1.2.3\logback-core-1.2.3.jar;C:\Users\henry\.m2\repository\org\apache\logging\log4j\log4j-to-slf4j\2.10.0\log4j-to-slf4j-2.10.0.jar;C:\Users\henry\.m2\repository\org\apache\logging\log4j\log4j-api\2.10.0\log4j-api-2.10.0.jar;C:\Users\henry\.m2\repository\org\slf4j\jul-to-slf4j\1.7.25\jul-to-slf4j-1.7.25.jar;C:\Users\henry\.m2\repository\javax\annotation\javax.annotation-api\1.3.2\javax.annotation-api-1.3.2.jar;C:\Users\henry\.m2\repository\org\yaml\snakeyaml\1.19\snakeyaml-1.19.jar;C:\Users\henry\.m2\repository\org\springframework\spring-context\5.0.5.RELEASE\spring-context-5.0.5.RELEASE.jar;C:\Users\henry\.m2\repository\org\springframework\spring-aop\5.0.5.RELEASE\spring-aop-5.0.5.RELEASE.jar;C:\Users\henry\.m2\repository\org\springframework\spring-beans\5.0.5.RELEASE\spring-beans-5.0.5.RELEASE.jar;C:\Users\henry\.m2\repository\org\springframework\spring-expression\5.0.5.RELEASE\spring-expression-5.0.5.RELEASE.jar;C:\Users\henry\.m2\repository\org\springframework\spring-context-support\5.0.5.RELEASE\spring-context-support-5.0.5.RELEASE.jar;C:\Users\henry\.m2\repository\org\springframewor
Launcher Type: SUN_STANDARD

Environment Variables:
JAVA_HOME=C:\Program Files\Java\jdk18
PATH=C:/Program Files/Java/jre8/bin/server;C:/Program Files/Java/jre8/bin;C:/Program Files/Java/jre8/lib/amd64;C:\ProgramData\Oracle\Java\javapath;C:\Program Files (x86)\Intel\iCLS Client\;C:\Program Files\Intel\iCLS Client\;C:\WINDOWS\system32;C:\WINDOWS;C:\WINDOWS\System32\Wbem;C:\WINDOWS\System32\WindowsPowerShell\v1.0\;C:\Program Files (x86)\Intel\Intel(R) Management Engine Components\DAL;C:\Program Files\Intel\Intel(R) Management Engine Components\DAL;C:\Program Files (x86)\Intel\Intel(R) Management Engine Components\IPT;C:\Program Files\Intel\Intel(R) Management Engine Components\IPT;C:\Program Files\Java\jdk1.7\bin;C:\Program Files\Java\jdk1.7\bin\javaw.exe;C:\Program Files\Java\jre7\bin;C:\apache-maven-3.3.9_bin\bin;C:\apache-cassandra-3.4-bin\bin;C:\apache-cassandra-3.4-bin;C:\Program Files (x86)\MySQL\MySQL Fabric 1.5 & MySQL Utilities 1.5\;C:\Program Files (x86)\MySQL\MySQL Fabric 1.5 & MySQL Utilities 1.5\Doctrine extensions for PHP\;C:\Python34\;%MAVEN_HOME%/bin;%JBOSS_HOME%/bin;%MYSQL_HOME%/bin;%MONGO_HOME%/bin;C:\scala\bin;C:\spark2\bin;C:\spark2\jars;C:\PostgreSQL\pg96\bin;C:\PostgreSQL\pg10\bin;C:\Program Files\MongoDB\Server\3.6\bin;C:\Program Files\nodejs\;C:\javatools\gradle-44\bin\;C:\kafka\kafka_211\bin\windows\;%HADOOP_HOME%\bin;c:\BigData\hadoop-2.7.2\bin;C:\Users\henry\AppData\Roaming\Dashlane\4.1.1.10306\bin\Firefox_Extension\{442718d9-475e-452a-b3e1-fb1ee16b8e9f}\components;C:\Users\henry\AppData\Local\Microsoft\WindowsApps;C:\Users\henry\AppData\Roaming\npm;C:\Program Files\Microsoft VS Code\bin;;C:\javatools\eclipse_mars;
USERNAME=henry
OS=Windows_NT
PROCESSOR_IDENTIFIER=Intel64 Family 6 Model 78 Stepping 3, GenuineIntel



---------------  S Y S T E M  ---------------

OS: Windows 10.0 , 64 bit Build 16299 (10.0.16299.15)

CPU:total 4 (2 cores per cpu, 2 threads per core) family 6 model 78 stepping 3, cmov, cx8, fxsr, mmx, sse, sse2, sse3, ssse3, sse4.1, sse4.2, popcnt, avx, avx2, aes, clmul, erms, 3dnowpref, lzcnt, ht, tsc, tscinvbit, bmi1, bmi2, adx

Memory: 4k page, physical 12446300k(5822212k free), swap 21436968k(11722768k free)

vm_info: Java HotSpot(TM) 64-Bit Server VM (25.91-b14) for windows-amd64 JRE (1.8.0_91-b14), built on Apr  1 2016 00:58:32 by "java_re" with MS VC++ 10.0 (VS2010)

time: Tue Apr 24 16:26:02 2018
elapsed time: 57 seconds (0d 0h 0m 57s)

